--------------------------------------------------------------------------------
CPU name:	AMD Ryzen 5 3500U with Radeon Vega Mobile Gfx  
CPU type:	AMD K17 (Zen+) architecture
CPU clock:	2.10 GHz
--------------------------------------------------------------------------------
[2.83964053e+05,3.40012605e+05] [-4.76209897e+02,-4.56640574e+02] [2.29837207e-01,2.33177811e-01] [-3.84123023e-05,-3.78410568e-05] 
[-5.40524530e+04,5.40460451e+04]  [-5.40709807e+04,5.40655930e+04]  [-5.44069252e+04,5.44172520e+04]  [-5.45982036e+04,5.46098165e+04]  [-5.49840237e+04,5.49956439e+04]  [-5.53846144e+04,5.53720054e+04]  [-5.55835061e+04,5.55635876e+04]  [-5.57771593e+04,5.57617448e+04]  [-5.59683471e+04,5.59637074e+04]  [-5.61584422e+04,5.61681059e+04]  [-5.63707690e+04,5.63912778e+04]  [-5.64693352e+04,5.64912054e+04]  [-5.65742307e+04,5.65851419e+04]  [-5.66793271e+04,5.66792159e+04]  [-5.67846961e+04,5.67733563e+04]  [-5.68903091e+04,5.68675919e+04]  [-5.69114585e+04,5.68864530e+04]  [-5.69226163e+04,5.69153193e+04]  [-5.69357823e+04,5.69421910e+04]  [-5.69559563e+04,5.69620684e+04]  [-5.69681379e+04,5.69899516e+04]  
2.82830999e-01
2.26755000e-01
--------------------------------------------------------------------------------
Region generate_matrix, Group 1: ENERGY
+-------------------+------------+
|    Region Info    | HWThread 3 |
+-------------------+------------+
| RDTSC Runtime [s] |   0.000037 |
|     call count    |          1 |
+-------------------+------------+

+----------------------+---------+------------+
|         Event        | Counter | HWThread 3 |
+----------------------+---------+------------+
|   ACTUAL_CPU_CLOCK   |  FIXC1  |     553133 |
|     MAX_CPU_CLOCK    |  FIXC2  |     311850 |
| RETIRED_INSTRUCTIONS |   PMC0  |     188478 |
|  CPU_CLOCKS_UNHALTED |   PMC1  |     123822 |
|   RAPL_CORE_ENERGY   |   PWR0  |          0 |
|    RAPL_PKG_ENERGY   |   PWR1  |          0 |
+----------------------+---------+------------+

+----------------------+--------------+
|        Metric        |  HWThread 3  |
+----------------------+--------------+
|  Runtime (RDTSC) [s] | 3.738010e-05 |
| Runtime unhalted [s] |       0.0003 |
|      Clock [MHz]     |    3717.8143 |
|          CPI         |       0.6570 |
|    Energy Core [J]   |            0 |
|    Power Core [W]    |            0 |
|    Energy PKG [J]    |            0 |
|     Power PKG [W]    |            0 |
+----------------------+--------------+

Region solve_system, Group 1: ENERGY
+-------------------+------------+
|    Region Info    | HWThread 3 |
+-------------------+------------+
| RDTSC Runtime [s] |   0.000002 |
|     call count    |          1 |
+-------------------+------------+

+----------------------+---------+------------+
|         Event        | Counter | HWThread 3 |
+----------------------+---------+------------+
|   ACTUAL_CPU_CLOCK   |  FIXC1  |     415926 |
|     MAX_CPU_CLOCK    |  FIXC2  |     236607 |
| RETIRED_INSTRUCTIONS |   PMC0  |      14771 |
|  CPU_CLOCKS_UNHALTED |   PMC1  |      27576 |
|   RAPL_CORE_ENERGY   |   PWR0  |          0 |
|    RAPL_PKG_ENERGY   |   PWR1  |          0 |
+----------------------+---------+------------+

+----------------------+--------------+
|        Metric        |  HWThread 3  |
+----------------------+--------------+
|  Runtime (RDTSC) [s] | 2.033814e-06 |
| Runtime unhalted [s] |       0.0002 |
|      Clock [MHz]     |    3684.6170 |
|          CPI         |       1.8669 |
|    Energy Core [J]   |            0 |
|    Power Core [W]    |            0 |
|    Energy PKG [J]    |            0 |
|     Power PKG [W]    |            0 |
+----------------------+--------------+

